Using pre-set license
Built from '2022.3/staging' branch; Version is '2022.3.21f1 (bf09ca542b87) revision 12519882'; Using compiler version '192829333'; Build Type 'Release'
OS: 'Windows 11  (10.0.22631) 64bit Core' Language: 'pl' Physical Memory: 16236 MB
BatchMode: 1, IsHumanControllingUs: 0, StartBugReporterOnCrash: 0, Is64bit: 1, IsPro: 1

COMMAND LINE ARGUMENTS:
C:\Program Files\Unity\Hub\Editor\2022.3.21f1\Editor\Unity.exe
-adb2
-batchMode
-noUpm
-name
AssetImportWorker0
-projectPath
C:/Users/m/test_game1
-logFile
Logs/AssetImportWorker0.log
-srvPort
64699
Successfully changed project path to: C:/Users/m/test_game1
C:/Users/m/test_game1
[UnityMemory] Configuration Parameters - Can be set up in boot.config
    "memorysetup-bucket-allocator-granularity=16"
    "memorysetup-bucket-allocator-bucket-count=8"
    "memorysetup-bucket-allocator-block-size=33554432"
    "memorysetup-bucket-allocator-block-count=8"
    "memorysetup-main-allocator-block-size=16777216"
    "memorysetup-thread-allocator-block-size=16777216"
    "memorysetup-gfx-main-allocator-block-size=16777216"
    "memorysetup-gfx-thread-allocator-block-size=16777216"
    "memorysetup-cache-allocator-block-size=4194304"
    "memorysetup-typetree-allocator-block-size=2097152"
    "memorysetup-profiler-bucket-allocator-granularity=16"
    "memorysetup-profiler-bucket-allocator-bucket-count=8"
    "memorysetup-profiler-bucket-allocator-block-size=33554432"
    "memorysetup-profiler-bucket-allocator-block-count=8"
    "memorysetup-profiler-allocator-block-size=16777216"
    "memorysetup-profiler-editor-allocator-block-size=1048576"
    "memorysetup-temp-allocator-size-main=16777216"
    "memorysetup-job-temp-allocator-block-size=2097152"
    "memorysetup-job-temp-allocator-block-size-background=1048576"
    "memorysetup-job-temp-allocator-reduction-small-platforms=262144"
    "memorysetup-allocator-temp-initial-block-size-main=262144"
    "memorysetup-allocator-temp-initial-block-size-worker=262144"
    "memorysetup-temp-allocator-size-background-worker=32768"
    "memorysetup-temp-allocator-size-job-worker=262144"
    "memorysetup-temp-allocator-size-preload-manager=33554432"
    "memorysetup-temp-allocator-size-nav-mesh-worker=65536"
    "memorysetup-temp-allocator-size-audio-worker=65536"
    "memorysetup-temp-allocator-size-cloud-worker=32768"
    "memorysetup-temp-allocator-size-gi-baking-worker=262144"
    "memorysetup-temp-allocator-size-gfx=262144"
Player connection [27072] Host "[IP] 172.25.80.1 [Port] 0 [Flags] 2 [Guid] 4112254094 [EditorId] 4112254094 [Version] 1048832 [Id] WindowsEditor(7,DESKTOP-F9VNQ00) [Debug] 1 [PackageName] WindowsEditor [ProjectName] Editor" joined multi-casting on [225.0.0.222:54997]...

Player connection [27072] Host "[IP] 172.25.80.1 [Port] 0 [Flags] 2 [Guid] 4112254094 [EditorId] 4112254094 [Version] 1048832 [Id] WindowsEditor(7,DESKTOP-F9VNQ00) [Debug] 1 [PackageName] WindowsEditor [ProjectName] Editor" joined alternative multi-casting on [225.0.0.222:34997]...

[Physics::Module] Initialized MultithreadedJobDispatcher with 11 workers.
Refreshing native plugins compatible for Editor in 6.60 ms, found 3 plugins.
Preloading 0 native plugins for Editor in 0.00 ms.
Initialize engine version: 2022.3.21f1 (bf09ca542b87)
[Subsystems] Discovering subsystems at path C:/Program Files/Unity/Hub/Editor/2022.3.21f1/Editor/Data/Resources/UnitySubsystems
[Subsystems] Discovering subsystems at path C:/Users/m/test_game1/Assets
GfxDevice: creating device client; threaded=0; jobified=0
Direct3D:
    Version:  Direct3D 11.0 [level 11.1]
    Renderer: NVIDIA GeForce GTX 1650 (ID=0x1fdd)
    Vendor:   NVIDIA
    VRAM:     3962 MB
    Driver:   30.0.15.1236
Initialize mono
Mono path[0] = 'C:/Program Files/Unity/Hub/Editor/2022.3.21f1/Editor/Data/Managed'
Mono path[1] = 'C:/Program Files/Unity/Hub/Editor/2022.3.21f1/Editor/Data/MonoBleedingEdge/lib/mono/unityjit-win32'
Mono config path = 'C:/Program Files/Unity/Hub/Editor/2022.3.21f1/Editor/Data/MonoBleedingEdge/etc'
Using monoOptions --debugger-agent=transport=dt_socket,embedding=1,server=y,suspend=n,address=127.0.0.1:56660
Begin MonoManager ReloadAssembly
Registering precompiled unity dll's ...
Register platform support module: C:/Program Files/Unity/Hub/Editor/2022.3.21f1/Editor/Data/PlaybackEngines/WindowsStandaloneSupport/UnityEditor.WindowsStandalone.Extensions.dll
Registered in 0.004668 seconds.
- Loaded All Assemblies, in  0.290 seconds
Native extension for WindowsStandalone target not found
Mono: successfully reloaded assembly
- Finished resetting the current domain, in  0.249 seconds
Domain Reload Profiling: 538ms
	BeginReloadAssembly (93ms)
		ExecutionOrderSort (0ms)
		DisableScriptedObjects (0ms)
		BackupInstance (0ms)
		ReleaseScriptingObjects (0ms)
		CreateAndSetChildDomain (1ms)
	RebuildCommonClasses (28ms)
	RebuildNativeTypeToScriptingClass (8ms)
	initialDomainReloadingComplete (48ms)
	LoadAllAssembliesAndSetupDomain (111ms)
		LoadAssemblies (91ms)
		RebuildTransferFunctionScriptingTraits (0ms)
		AnalyzeDomain (109ms)
			TypeCache.Refresh (107ms)
				TypeCache.ScanAssembly (95ms)
			ScanForSourceGeneratedMonoScriptInfo (1ms)
			ResolveRequiredComponents (1ms)
	FinalizeReload (250ms)
		ReleaseScriptCaches (0ms)
		RebuildScriptCaches (0ms)
		SetupLoadedEditorAssemblies (190ms)
			LogAssemblyErrors (0ms)
			InitializePlatformSupportModulesInManaged (8ms)
			SetLoadedEditorAssemblies (7ms)
			RefreshPlugins (0ms)
			BeforeProcessingInitializeOnLoad (2ms)
			ProcessInitializeOnLoadAttributes (128ms)
			ProcessInitializeOnLoadMethodAttributes (46ms)
			AfterProcessingInitializeOnLoad (0ms)
			EditorAssembliesLoaded (0ms)
		ExecutionOrderSort2 (0ms)
		AwakeInstancesAfterBackupRestoration (0ms)
========================================================================
Worker process is ready to serve import requests
Begin MonoManager ReloadAssembly
- Loaded All Assemblies, in  1.457 seconds
Refreshing native plugins compatible for Editor in 2.24 ms, found 3 plugins.
Native extension for WindowsStandalone target not found
Package Manager log level set to [2]
[Package Manager] Server::EnsureServerProcessIsRunning -- launch failed, reason: Unity was launched with the -noUpm command-line argument
[Package Manager] UpmClient::Send -- Unable to send message (not connected to UPM process).
[Package Manager] Cannot connect to Unity Package Manager local server
Mono: successfully reloaded assembly
- Finished resetting the current domain, in  0.785 seconds
Domain Reload Profiling: 2238ms
	BeginReloadAssembly (128ms)
		ExecutionOrderSort (0ms)
		DisableScriptedObjects (5ms)
		BackupInstance (0ms)
		ReleaseScriptingObjects (0ms)
		CreateAndSetChildDomain (20ms)
	RebuildCommonClasses (37ms)
	RebuildNativeTypeToScriptingClass (15ms)
	initialDomainReloadingComplete (48ms)
	LoadAllAssembliesAndSetupDomain (1225ms)
		LoadAssemblies (1138ms)
		RebuildTransferFunctionScriptingTraits (0ms)
		AnalyzeDomain (163ms)
			TypeCache.Refresh (141ms)
				TypeCache.ScanAssembly (128ms)
			ScanForSourceGeneratedMonoScriptInfo (16ms)
			ResolveRequiredComponents (5ms)
	FinalizeReload (785ms)
		ReleaseScriptCaches (0ms)
		RebuildScriptCaches (0ms)
		SetupLoadedEditorAssemblies (641ms)
			LogAssemblyErrors (0ms)
			InitializePlatformSupportModulesInManaged (5ms)
			SetLoadedEditorAssemblies (4ms)
			RefreshPlugins (0ms)
			BeforeProcessingInitializeOnLoad (74ms)
			ProcessInitializeOnLoadAttributes (534ms)
			ProcessInitializeOnLoadMethodAttributes (18ms)
			AfterProcessingInitializeOnLoad (5ms)
			EditorAssembliesLoaded (0ms)
		ExecutionOrderSort2 (0ms)
		AwakeInstancesAfterBackupRestoration (6ms)
Launched and connected shader compiler UnityShaderCompiler.exe after 0.05 seconds
Refreshing native plugins compatible for Editor in 2.63 ms, found 3 plugins.
Preloading 0 native plugins for Editor in 0.00 ms.
Unloading 4017 Unused Serialized files (Serialized files now loaded: 0)
Unloading 57 unused Assets / (177.9 KB). Loaded Objects now: 4479.
Memory consumption went from 149.7 MB to 149.5 MB.
Total: 4.250100 ms (FindLiveObjects: 0.321700 ms CreateObjectMapping: 0.132300 ms MarkObjects: 3.614500 ms  DeleteObjects: 0.180500 ms)

AssetImportParameters requested are different than current active one (requested -> active):
  custom:container-demuxer-ogg: 62fdf1f143b41e24485cea50d1cbac27 -> 
  custom:video-codec-MediaFoundation-h265: 746d11721c4dcdbdad8f713fa42b33f4 -> 
  custom:video-decoder-ogg-theora: a1e56fd34408186e4bbccfd4996cb3dc -> 
  custom:framework-win-MediaFoundation: 216162199b28c13a410421893ffa2e32 -> 
  custom:CustomObjectIndexerAttribute: 9a22284fe3817be447336de3de66b15e -> 
  custom:container-demuxer-webm: 4f35f7cbe854078d1ac9338744f61a02 -> 
  custom:container-muxer-webm: aa71ff27fc2769a1b78a27578f13a17b -> 
  custom:video-decoder-webm-vp8: 9c59270c3fd7afecdb556c50c9e8de78 -> 
  custom:SearchIndexIgnoredProperties: e643bd26f0fe6173181afceb89e7c659 -> 
  custom:AudioImporter_EditorPlatform: d09bf68614088b80899f8185d706f6e7 -> 
  custom:video-encoder-webm-vp8: eb34c28f22e8b96e1ab97ce403110664 -> 
  custom:audio-decoder-ogg-vorbis: bf7c407c2cedff20999df2af8eb42d56 -> 
  custom:audio-encoder-webm-vorbis: bf7c407c2cedff20999df2af8eb42d56 -> 
========================================================================
Received Import Request.
  Time since last request: 74988.687453 seconds.
  path: Assets/Input/Player Input.cs
  artifactKey: Guid(bb22b186881c64d8f97efeeba9e80d6a) Importer(815301076,1909f56bfc062723c751e8b465ee728b)
Start importing Assets/Input/Player Input.cs using Guid(bb22b186881c64d8f97efeeba9e80d6a) Importer(815301076,1909f56bfc062723c751e8b465ee728b)  -> (artifact id: 'de9a489c0ca98ba5f731022b48588e66') in 0.003317 seconds
Number of updated asset objects reloaded before import = 0
Number of asset objects unloaded after import = 0
========================================================================
Received Import Request.
  Time since last request: 84.634632 seconds.
  path: Assets/Input/PlayerControls.cs
  artifactKey: Guid(edbab293f63f8cc44b5a26b71ddbc7f1) Importer(815301076,1909f56bfc062723c751e8b465ee728b)
Start importing Assets/Input/PlayerControls.cs using Guid(edbab293f63f8cc44b5a26b71ddbc7f1) Importer(815301076,1909f56bfc062723c751e8b465ee728b)  -> (artifact id: '895e0ff0a0e28c8807ab5325554a6515') in 0.000492 seconds
Number of updated asset objects reloaded before import = 0
Number of asset objects unloaded after import = 0
========================================================================
Received Import Request.
  Time since last request: 1.304230 seconds.
  path: Assets/Input/PlayerControls1.cs
  artifactKey: Guid(1301375a2d259ba4b9733e8a83be5227) Importer(815301076,1909f56bfc062723c751e8b465ee728b)
Start importing Assets/Input/PlayerControls1.cs using Guid(1301375a2d259ba4b9733e8a83be5227) Importer(815301076,1909f56bfc062723c751e8b465ee728b)  -> (artifact id: 'e1d01bfc788197f26aff296cf4a871de') in 0.000407 seconds
Number of updated asset objects reloaded before import = 0
Number of asset objects unloaded after import = 0
========================================================================
Received Import Request.
  Time since last request: 186.669214 seconds.
  path: Assets/Scripts/Scripts/PlayerController.cs
  artifactKey: Guid(91eb4ba6c96e3f64691d693cdb14cb23) Importer(815301076,1909f56bfc062723c751e8b465ee728b)
Start importing Assets/Scripts/Scripts/PlayerController.cs using Guid(91eb4ba6c96e3f64691d693cdb14cb23) Importer(815301076,1909f56bfc062723c751e8b465ee728b)  -> (artifact id: 'e9029e6ebf2e2e54a93fbd0d29f59fef') in 0.000453 seconds
Number of updated asset objects reloaded before import = 0
Number of asset objects unloaded after import = 0
========================================================================
Received Import Request.
  Time since last request: 52.562266 seconds.
  path: Assets/Scripts/Scripts/PlayerController.cs
  artifactKey: Guid(91eb4ba6c96e3f64691d693cdb14cb23) Importer(815301076,1909f56bfc062723c751e8b465ee728b)
Start importing Assets/Scripts/Scripts/PlayerController.cs using Guid(91eb4ba6c96e3f64691d693cdb14cb23) Importer(815301076,1909f56bfc062723c751e8b465ee728b)  -> (artifact id: 'f7f464931178842f6f51704ed50c6472') in 0.000481 seconds
Number of updated asset objects reloaded before import = 0
Number of asset objects unloaded after import = 0
========================================================================
Received Import Request.
  Time since last request: 170.173853 seconds.
  path: Assets/Scripts/Scripts/PlayerController.cs
  artifactKey: Guid(91eb4ba6c96e3f64691d693cdb14cb23) Importer(815301076,1909f56bfc062723c751e8b465ee728b)
Start importing Assets/Scripts/Scripts/PlayerController.cs using Guid(91eb4ba6c96e3f64691d693cdb14cb23) Importer(815301076,1909f56bfc062723c751e8b465ee728b)  -> (artifact id: '15fb0879f32d862db58b08e7fa3c6678') in 0.000592 seconds
Number of updated asset objects reloaded before import = 0
Number of asset objects unloaded after import = 0
========================================================================
Received Import Request.
  Time since last request: 123.708262 seconds.
  path: Assets/Scripts/Scripts/PlayerController.cs
  artifactKey: Guid(91eb4ba6c96e3f64691d693cdb14cb23) Importer(815301076,1909f56bfc062723c751e8b465ee728b)
Start importing Assets/Scripts/Scripts/PlayerController.cs using Guid(91eb4ba6c96e3f64691d693cdb14cb23) Importer(815301076,1909f56bfc062723c751e8b465ee728b)  -> (artifact id: '6c4cef1bf46ddbf1b7958fc5fcdbc4e0') in 0.000466 seconds
Number of updated asset objects reloaded before import = 0
Number of asset objects unloaded after import = 0
========================================================================
Received Import Request.
  Time since last request: 38.452839 seconds.
  path: Assets/Scripts/Scripts/PlayerController.cs
  artifactKey: Guid(91eb4ba6c96e3f64691d693cdb14cb23) Importer(815301076,1909f56bfc062723c751e8b465ee728b)
Start importing Assets/Scripts/Scripts/PlayerController.cs using Guid(91eb4ba6c96e3f64691d693cdb14cb23) Importer(815301076,1909f56bfc062723c751e8b465ee728b)  -> (artifact id: '666119ba6fe2e3e124e511cbc3b72beb') in 0.000458 seconds
Number of updated asset objects reloaded before import = 0
Number of asset objects unloaded after import = 0
========================================================================
Received Import Request.
  Time since last request: 22.893991 seconds.
  path: Assets/Scripts/Scripts/PlayerController.cs
  artifactKey: Guid(91eb4ba6c96e3f64691d693cdb14cb23) Importer(815301076,1909f56bfc062723c751e8b465ee728b)
Start importing Assets/Scripts/Scripts/PlayerController.cs using Guid(91eb4ba6c96e3f64691d693cdb14cb23) Importer(815301076,1909f56bfc062723c751e8b465ee728b)  -> (artifact id: '4a9e6290a9b974e08e926d7870f715c2') in 0.000491 seconds
Number of updated asset objects reloaded before import = 0
Number of asset objects unloaded after import = 0
========================================================================
Received Import Request.
  Time since last request: 54.074727 seconds.
  path: Assets/Scripts/Scripts/PlayerController.cs
  artifactKey: Guid(91eb4ba6c96e3f64691d693cdb14cb23) Importer(815301076,1909f56bfc062723c751e8b465ee728b)
Start importing Assets/Scripts/Scripts/PlayerController.cs using Guid(91eb4ba6c96e3f64691d693cdb14cb23) Importer(815301076,1909f56bfc062723c751e8b465ee728b)  -> (artifact id: 'a039d8d4b57d5eb2ad9d70c061a8c599') in 0.000605 seconds
Number of updated asset objects reloaded before import = 0
Number of asset objects unloaded after import = 0
========================================================================
Received Import Request.
  Time since last request: 55.313104 seconds.
  path: Assets/Scripts/Scripts/PlayerController.cs
  artifactKey: Guid(91eb4ba6c96e3f64691d693cdb14cb23) Importer(815301076,1909f56bfc062723c751e8b465ee728b)
Start importing Assets/Scripts/Scripts/PlayerController.cs using Guid(91eb4ba6c96e3f64691d693cdb14cb23) Importer(815301076,1909f56bfc062723c751e8b465ee728b)  -> (artifact id: '3f5a3fa9e0a067faedaf3e77b7135a8d') in 0.000563 seconds
Number of updated asset objects reloaded before import = 0
Number of asset objects unloaded after import = 0
========================================================================
Received Import Request.
  Time since last request: 450.139413 seconds.
  path: Assets/Scripts/Scripts/PlayerController.cs
  artifactKey: Guid(91eb4ba6c96e3f64691d693cdb14cb23) Importer(815301076,1909f56bfc062723c751e8b465ee728b)
Start importing Assets/Scripts/Scripts/PlayerController.cs using Guid(91eb4ba6c96e3f64691d693cdb14cb23) Importer(815301076,1909f56bfc062723c751e8b465ee728b)  -> (artifact id: 'f7f7272795f08ac86d949fb809360944') in 0.000771 seconds
Number of updated asset objects reloaded before import = 0
Number of asset objects unloaded after import = 0
========================================================================
Received Import Request.
  Time since last request: 31.652702 seconds.
  path: Assets/Scripts/Scripts/PlayerController.cs
  artifactKey: Guid(91eb4ba6c96e3f64691d693cdb14cb23) Importer(815301076,1909f56bfc062723c751e8b465ee728b)
Start importing Assets/Scripts/Scripts/PlayerController.cs using Guid(91eb4ba6c96e3f64691d693cdb14cb23) Importer(815301076,1909f56bfc062723c751e8b465ee728b)  -> (artifact id: '880f0b30466c954e752a806bea1c994f') in 0.000523 seconds
Number of updated asset objects reloaded before import = 0
Number of asset objects unloaded after import = 0
========================================================================
Received Import Request.
  Time since last request: 207.386258 seconds.
  path: Assets/Scripts/Scripts/PlayerController.cs
  artifactKey: Guid(91eb4ba6c96e3f64691d693cdb14cb23) Importer(815301076,1909f56bfc062723c751e8b465ee728b)
Start importing Assets/Scripts/Scripts/PlayerController.cs using Guid(91eb4ba6c96e3f64691d693cdb14cb23) Importer(815301076,1909f56bfc062723c751e8b465ee728b)  -> (artifact id: '1525f35fc1163b139a6195368feae8ea') in 0.000523 seconds
Number of updated asset objects reloaded before import = 0
Number of asset objects unloaded after import = 0
========================================================================
Received Import Request.
  Time since last request: 89.081733 seconds.
  path: Assets/TempleRunPrefabs/Left.prefab
  artifactKey: Guid(57a0c77d40fb7f64f88c73e669bd75d0) Importer(815301076,1909f56bfc062723c751e8b465ee728b)
Start importing Assets/TempleRunPrefabs/Left.prefab using Guid(57a0c77d40fb7f64f88c73e669bd75d0) Importer(815301076,1909f56bfc062723c751e8b465ee728b)  -> (artifact id: 'ecde2db90cd14894196b9fed8de75b9e') in 0.026140 seconds
Number of updated asset objects reloaded before import = 0
Number of asset objects unloaded after import = 20
========================================================================
Received Import Request.
  Time since last request: 0.000017 seconds.
  path: Assets/TempleRunPrefabs/Sideways.prefab
  artifactKey: Guid(406d087854fa4cf4ba1b09b5571e98e9) Importer(815301076,1909f56bfc062723c751e8b465ee728b)
Start importing Assets/TempleRunPrefabs/Sideways.prefab using Guid(406d087854fa4cf4ba1b09b5571e98e9) Importer(815301076,1909f56bfc062723c751e8b465ee728b)  -> (artifact id: '7a3fd80908aefee124bfabc6eb82e344') in 0.001799 seconds
Number of updated asset objects reloaded before import = 0
Number of asset objects unloaded after import = 20
========================================================================
Received Import Request.
  Time since last request: 0.008749 seconds.
  path: Assets/TempleRunPrefabs/Straight.prefab
  artifactKey: Guid(50a7756a8e2f0f14787d70ef66f51488) Importer(815301076,1909f56bfc062723c751e8b465ee728b)
Start importing Assets/TempleRunPrefabs/Straight.prefab using Guid(50a7756a8e2f0f14787d70ef66f51488) Importer(815301076,1909f56bfc062723c751e8b465ee728b)  -> (artifact id: '5154fac52064cd7937a246bd7bef4de4') in 0.001675 seconds
Number of updated asset objects reloaded before import = 0
Number of asset objects unloaded after import = 9
========================================================================
Received Prepare
Begin MonoManager ReloadAssembly
- Loaded All Assemblies, in  2.436 seconds
Refreshing native plugins compatible for Editor in 2.71 ms, found 3 plugins.
Native extension for WindowsStandalone target not found
[Package Manager] Server::EnsureServerProcessIsRunning -- launch failed, reason: Unity was launched with the -noUpm command-line argument
[Package Manager] UpmClient::Send -- Unable to send message (not connected to UPM process).
[Package Manager] Cannot connect to Unity Package Manager local server
Mono: successfully reloaded assembly
- Finished resetting the current domain, in  9.733 seconds
Domain Reload Profiling: 12167ms
	BeginReloadAssembly (169ms)
		ExecutionOrderSort (0ms)
		DisableScriptedObjects (5ms)
		BackupInstance (0ms)
		ReleaseScriptingObjects (0ms)
		CreateAndSetChildDomain (46ms)
	RebuildCommonClasses (123ms)
	RebuildNativeTypeToScriptingClass (12ms)
	initialDomainReloadingComplete (26ms)
	LoadAllAssembliesAndSetupDomain (2103ms)
		LoadAssemblies (2158ms)
		RebuildTransferFunctionScriptingTraits (0ms)
		AnalyzeDomain (25ms)
			TypeCache.Refresh (9ms)
				TypeCache.ScanAssembly (0ms)
			ScanForSourceGeneratedMonoScriptInfo (10ms)
			ResolveRequiredComponents (5ms)
	FinalizeReload (9733ms)
		ReleaseScriptCaches (0ms)
		RebuildScriptCaches (0ms)
		SetupLoadedEditorAssemblies (542ms)
			LogAssemblyErrors (0ms)
			InitializePlatformSupportModulesInManaged (5ms)
			SetLoadedEditorAssemblies (2ms)
			RefreshPlugins (0ms)
			BeforeProcessingInitializeOnLoad (53ms)
			ProcessInitializeOnLoadAttributes (458ms)
			ProcessInitializeOnLoadMethodAttributes (18ms)
			AfterProcessingInitializeOnLoad (4ms)
			EditorAssembliesLoaded (0ms)
		ExecutionOrderSort2 (0ms)
		AwakeInstancesAfterBackupRestoration (5ms)
Refreshing native plugins compatible for Editor in 3.32 ms, found 3 plugins.
Preloading 0 native plugins for Editor in 0.00 ms.
Unloading 3986 Unused Serialized files (Serialized files now loaded: 0)
Unloading 31 unused Assets / (143.7 KB). Loaded Objects now: 4492.
Memory consumption went from 145.2 MB to 145.1 MB.
Total: 3.934000 ms (FindLiveObjects: 0.292100 ms CreateObjectMapping: 0.125800 ms MarkObjects: 3.389100 ms  DeleteObjects: 0.125800 ms)

Prepare: number of updated asset objects reloaded= 0
AssetImportParameters requested are different than current active one (requested -> active):
  custom:container-demuxer-ogg: 62fdf1f143b41e24485cea50d1cbac27 -> 
  custom:video-codec-MediaFoundation-h265: 746d11721c4dcdbdad8f713fa42b33f4 -> 
  custom:video-decoder-ogg-theora: a1e56fd34408186e4bbccfd4996cb3dc -> 
  custom:framework-win-MediaFoundation: 216162199b28c13a410421893ffa2e32 -> 
  custom:CustomObjectIndexerAttribute: 9a22284fe3817be447336de3de66b15e -> 
  custom:container-demuxer-webm: 4f35f7cbe854078d1ac9338744f61a02 -> 
  custom:container-muxer-webm: aa71ff27fc2769a1b78a27578f13a17b -> 
  custom:video-decoder-webm-vp8: 9c59270c3fd7afecdb556c50c9e8de78 -> 
  custom:SearchIndexIgnoredProperties: e643bd26f0fe6173181afceb89e7c659 -> 
  custom:AudioImporter_EditorPlatform: d09bf68614088b80899f8185d706f6e7 -> 
  custom:video-encoder-webm-vp8: eb34c28f22e8b96e1ab97ce403110664 -> 
  custom:audio-decoder-ogg-vorbis: bf7c407c2cedff20999df2af8eb42d56 -> 
  custom:audio-encoder-webm-vorbis: bf7c407c2cedff20999df2af8eb42d56 -> 
========================================================================
Received Import Request.
  Time since last request: 261.660421 seconds.
  path: ProjectSettings/TagManager.asset
  artifactKey: Guid(00000000000000003000000000000000) Importer(815301076,1909f56bfc062723c751e8b465ee728b)
Start importing ProjectSettings/TagManager.asset using Guid(00000000000000003000000000000000) Importer(815301076,1909f56bfc062723c751e8b465ee728b)  -> (artifact id: '6b9326e97e2461385864aa44f9e28ada') in 0.011871 seconds
Number of updated asset objects reloaded before import = 0
Number of asset objects unloaded after import = 0
========================================================================
Received Import Request.
  Time since last request: 13.662121 seconds.
  path: ProjectSettings/TagManager.asset
  artifactKey: Guid(00000000000000003000000000000000) Importer(815301076,1909f56bfc062723c751e8b465ee728b)
Start importing ProjectSettings/TagManager.asset using Guid(00000000000000003000000000000000) Importer(815301076,1909f56bfc062723c751e8b465ee728b)  -> (artifact id: '925c80c4482210eafae8f220ddbd0c1f') in 0.000658 seconds
Number of updated asset objects reloaded before import = 0
Number of asset objects unloaded after import = 0
========================================================================
Received Import Request.
  Time since last request: 125.667007 seconds.
  path: Assets/TempleRunPrefabs/Left.prefab
  artifactKey: Guid(57a0c77d40fb7f64f88c73e669bd75d0) Importer(815301076,1909f56bfc062723c751e8b465ee728b)
Start importing Assets/TempleRunPrefabs/Left.prefab using Guid(57a0c77d40fb7f64f88c73e669bd75d0) Importer(815301076,1909f56bfc062723c751e8b465ee728b)  -> (artifact id: '684dc7bf5545a38dbd94572607eeaa29') in 0.021798 seconds
Number of updated asset objects reloaded before import = 0
Number of asset objects unloaded after import = 20
========================================================================
Received Import Request.
  Time since last request: 15.425869 seconds.
  path: Assets/TempleRunPrefabs/Right.prefab
  artifactKey: Guid(d1bc38dd49605864690bd11be3a4da2a) Importer(815301076,1909f56bfc062723c751e8b465ee728b)
Start importing Assets/TempleRunPrefabs/Right.prefab using Guid(d1bc38dd49605864690bd11be3a4da2a) Importer(815301076,1909f56bfc062723c751e8b465ee728b)  -> (artifact id: '7710c344d3c7f2a9344dc2715d560b9f') in 0.001895 seconds
Number of updated asset objects reloaded before import = 0
Number of asset objects unloaded after import = 20
========================================================================
Received Import Request.
  Time since last request: 17.909109 seconds.
  path: Assets/TempleRunPrefabs/Sideways.prefab
  artifactKey: Guid(406d087854fa4cf4ba1b09b5571e98e9) Importer(815301076,1909f56bfc062723c751e8b465ee728b)
Start importing Assets/TempleRunPrefabs/Sideways.prefab using Guid(406d087854fa4cf4ba1b09b5571e98e9) Importer(815301076,1909f56bfc062723c751e8b465ee728b)  -> (artifact id: 'c3ee51d624931b003ec702082ceefedc') in 0.001794 seconds
Number of updated asset objects reloaded before import = 0
Number of asset objects unloaded after import = 20
========================================================================
Received Import Request.
  Time since last request: 20.385359 seconds.
  path: Assets/TempleRunPrefabs/Straight.prefab
  artifactKey: Guid(50a7756a8e2f0f14787d70ef66f51488) Importer(815301076,1909f56bfc062723c751e8b465ee728b)
Start importing Assets/TempleRunPrefabs/Straight.prefab using Guid(50a7756a8e2f0f14787d70ef66f51488) Importer(815301076,1909f56bfc062723c751e8b465ee728b)  -> (artifact id: '935443b8cffcb8b610ef827977703d2d') in 0.001700 seconds
Number of updated asset objects reloaded before import = 0
Number of asset objects unloaded after import = 9
========================================================================
Received Import Request.
  Time since last request: 34.893555 seconds.
  path: Assets/Scenes/SampleScene.unity
  artifactKey: Guid(9fc0d4010bbf28b4594072e72b8655ab) Importer(815301076,1909f56bfc062723c751e8b465ee728b)
Start importing Assets/Scenes/SampleScene.unity using Guid(9fc0d4010bbf28b4594072e72b8655ab) Importer(815301076,1909f56bfc062723c751e8b465ee728b)  -> (artifact id: 'e5898aed2ccd345fcd0de2c6c3acc933') in 0.000455 seconds
Number of updated asset objects reloaded before import = 0
Number of asset objects unloaded after import = 0
========================================================================
Received Prepare
Begin MonoManager ReloadAssembly
- Loaded All Assemblies, in  0.401 seconds
Refreshing native plugins compatible for Editor in 2.74 ms, found 3 plugins.
Native extension for WindowsStandalone target not found
[Package Manager] Server::EnsureServerProcessIsRunning -- launch failed, reason: Unity was launched with the -noUpm command-line argument
[Package Manager] UpmClient::Send -- Unable to send message (not connected to UPM process).
[Package Manager] Cannot connect to Unity Package Manager local server
Mono: successfully reloaded assembly
- Finished resetting the current domain, in  1.113 seconds
Domain Reload Profiling: 1512ms
	BeginReloadAssembly (145ms)
		ExecutionOrderSort (0ms)
		DisableScriptedObjects (4ms)
		BackupInstance (0ms)
		ReleaseScriptingObjects (0ms)
		CreateAndSetChildDomain (39ms)
	RebuildCommonClasses (27ms)
	RebuildNativeTypeToScriptingClass (9ms)
	initialDomainReloadingComplete (25ms)
	LoadAllAssembliesAndSetupDomain (194ms)
		LoadAssemblies (253ms)
		RebuildTransferFunctionScriptingTraits (0ms)
		AnalyzeDomain (14ms)
			TypeCache.Refresh (5ms)
				TypeCache.ScanAssembly (0ms)
			ScanForSourceGeneratedMonoScriptInfo (0ms)
			ResolveRequiredComponents (7ms)
	FinalizeReload (1113ms)
		ReleaseScriptCaches (0ms)
		RebuildScriptCaches (0ms)
		SetupLoadedEditorAssemblies (643ms)
			LogAssemblyErrors (0ms)
			InitializePlatformSupportModulesInManaged (5ms)
			SetLoadedEditorAssemblies (3ms)
			RefreshPlugins (0ms)
			BeforeProcessingInitializeOnLoad (58ms)
			ProcessInitializeOnLoadAttributes (547ms)
			ProcessInitializeOnLoadMethodAttributes (22ms)
			AfterProcessingInitializeOnLoad (8ms)
			EditorAssembliesLoaded (0ms)
		ExecutionOrderSort2 (0ms)
		AwakeInstancesAfterBackupRestoration (7ms)
Refreshing native plugins compatible for Editor in 3.05 ms, found 3 plugins.
Preloading 0 native plugins for Editor in 0.00 ms.
Unloading 3986 Unused Serialized files (Serialized files now loaded: 0)
Unloading 27 unused Assets / (157.9 KB). Loaded Objects now: 4507.
Memory consumption went from 147.2 MB to 147.0 MB.
Total: 3.881300 ms (FindLiveObjects: 0.320100 ms CreateObjectMapping: 0.142100 ms MarkObjects: 3.261100 ms  DeleteObjects: 0.157100 ms)

Prepare: number of updated asset objects reloaded= 0
AssetImportParameters requested are different than current active one (requested -> active):
  custom:container-demuxer-ogg: 62fdf1f143b41e24485cea50d1cbac27 -> 
  custom:video-codec-MediaFoundation-h265: 746d11721c4dcdbdad8f713fa42b33f4 -> 
  custom:video-decoder-ogg-theora: a1e56fd34408186e4bbccfd4996cb3dc -> 
  custom:framework-win-MediaFoundation: 216162199b28c13a410421893ffa2e32 -> 
  custom:CustomObjectIndexerAttribute: 9a22284fe3817be447336de3de66b15e -> 
  custom:container-demuxer-webm: 4f35f7cbe854078d1ac9338744f61a02 -> 
  custom:container-muxer-webm: aa71ff27fc2769a1b78a27578f13a17b -> 
  custom:video-decoder-webm-vp8: 9c59270c3fd7afecdb556c50c9e8de78 -> 
  custom:SearchIndexIgnoredProperties: e643bd26f0fe6173181afceb89e7c659 -> 
  custom:AudioImporter_EditorPlatform: d09bf68614088b80899f8185d706f6e7 -> 
  custom:video-encoder-webm-vp8: eb34c28f22e8b96e1ab97ce403110664 -> 
  custom:audio-decoder-ogg-vorbis: bf7c407c2cedff20999df2af8eb42d56 -> 
  custom:audio-encoder-webm-vorbis: bf7c407c2cedff20999df2af8eb42d56 -> 
========================================================================
Received Import Request.
  Time since last request: 372.951937 seconds.
  path: Assets/Scripts/Scripts/PlayerController.cs
  artifactKey: Guid(91eb4ba6c96e3f64691d693cdb14cb23) Importer(815301076,1909f56bfc062723c751e8b465ee728b)
Start importing Assets/Scripts/Scripts/PlayerController.cs using Guid(91eb4ba6c96e3f64691d693cdb14cb23) Importer(815301076,1909f56bfc062723c751e8b465ee728b)  -> (artifact id: '0a6db6dc9215e87e6867f60df8cecb9f') in 0.002339 seconds
Number of updated asset objects reloaded before import = 0
Number of asset objects unloaded after import = 0
========================================================================
Received Import Request.
  Time since last request: 98.122864 seconds.
  path: Assets/Scripts/Scripts/TileSpawner.cs
  artifactKey: Guid(54931e170d041774c8cf02bec6493c88) Importer(815301076,1909f56bfc062723c751e8b465ee728b)
Start importing Assets/Scripts/Scripts/TileSpawner.cs using Guid(54931e170d041774c8cf02bec6493c88) Importer(815301076,1909f56bfc062723c751e8b465ee728b)  -> (artifact id: '49a2ff1547d3ba06fd3dc0334c5464c0') in 0.000700 seconds
Number of updated asset objects reloaded before import = 0
Number of asset objects unloaded after import = 0
